2024-12-21 16:00:59,489 [INFO] Activator:176 - 


2024-12-21 16:00:59,507 [INFO] Activator:177 - !SESSION log4j initialized
2024-12-21 16:01:13,499 [INFO] LogOutputStream:77 - [STDOUT_REDIRECT] 
2024-12-21 16:01:18,689 [INFO] ApplicationProperties:184 - Using Application install path: C:\ST\STM32CubeIDE_1.15.0\STM32CubeIDE\plugins\com.st.stm32cube.common.mx_6.11.0.202403141607
2024-12-21 16:01:18,749 [INFO] DbMcusXml:78 - Set database path to: C:\ST\STM32CubeIDE_1.15.0\STM32CubeIDE\plugins\com.st.stm32cube.common.mx_6.11.0.202403141607\\db\/mcu/
2024-12-21 16:01:18,750 [INFO] ApiDb:274 - Set plugin database path to: C:\ST\STM32CubeIDE_1.15.0\STM32CubeIDE\plugins\com.st.stm32cube.common.mx_6.11.0.202403141607\\db\/plugins/boardmanager/
2024-12-21 16:01:18,751 [WARN] ApiDb:259 - Overriding images path with different value:  => C:\ST\STM32CubeIDE_1.15.0\STM32CubeIDE\plugins\com.st.stm32cube.common.mx_6.11.0.202403141607\\db\/plugins/mcufinder/images/
2024-12-21 16:01:18,777 [INFO] ApiDb:250 - Set database path to: C:\Users\stava\.stmcufinder\plugins\mcufinder//mcu/
2024-12-21 16:01:18,781 [INFO] DbMcusAds:125 - Set database path to: C:\Users\stava\.stmcufinder\plugins\mcufinder//mcu/
2024-12-21 16:01:18,788 [INFO] CrossReferenceDbSqlite:203 - Set database path to: C:\Users\stava\.stmcufinder\plugins\mcufinder//mcu/cs/
2024-12-21 16:01:19,119 [INFO] RulesReader:64 - Compatibility file has been processed (297 Rules)
2024-12-21 16:01:19,320 [INFO] DbMcusXml:78 - Set database path to: C:\ST\STM32CubeIDE_1.15.0\STM32CubeIDE\plugins\com.st.stm32cube.common.mx_6.11.0.202403141607\\db\/mcu/
2024-12-21 16:01:19,320 [INFO] ApiDb:274 - Set plugin database path to: C:\ST\STM32CubeIDE_1.15.0\STM32CubeIDE\plugins\com.st.stm32cube.common.mx_6.11.0.202403141607\\db\/plugins/boardmanager/
2024-12-21 16:01:19,320 [INFO] ApiDb:261 - Set plugin images path to: C:\ST\STM32CubeIDE_1.15.0\STM32CubeIDE\plugins\com.st.stm32cube.common.mx_6.11.0.202403141607\\db\/plugins/mcufinder/images/
2024-12-21 16:01:19,322 [WARN] DbFile:41 - Overriding database path with different value: C:\Users\stava\.stmcufinder\plugins\mcufinder/ => C:\Users\stava\.stmcufinder\plugins\mcufinder
2024-12-21 16:01:19,322 [INFO] ApiDb:250 - Set database path to: C:\Users\stava\.stmcufinder\plugins\mcufinder//mcu/
2024-12-21 16:01:19,322 [WARN] DbFile:41 - Overriding database path with different value: C:\Users\stava\.stmcufinder\plugins\mcufinder/ => C:\Users\stava\.stmcufinder\plugins\mcufinder
2024-12-21 16:01:19,322 [INFO] DbMcusAds:125 - Set database path to: C:\Users\stava\.stmcufinder\plugins\mcufinder//mcu/
2024-12-21 16:01:19,323 [WARN] DbFile:41 - Overriding database path with different value: C:\Users\stava\.stmcufinder\plugins\mcufinder/ => C:\Users\stava\.stmcufinder\plugins\mcufinder
2024-12-21 16:01:19,323 [WARN] DbFile:41 - Overriding database path with different value: C:\Users\stava\.stmcufinder\plugins\mcufinder/ => C:\Users\stava\.stmcufinder\plugins\mcufinder
2024-12-21 16:01:19,323 [INFO] CrossReferenceDbSqlite:203 - Set database path to: C:\Users\stava\.stmcufinder\plugins\mcufinder//mcu/cs/
2024-12-21 16:01:19,505 [INFO] MainPanel:264 - HeapMemory: 268435456
2024-12-21 16:01:19,712 [INFO] DbMcusXml:78 - Set database path to: C:\ST\STM32CubeIDE_1.15.0\STM32CubeIDE\plugins\com.st.stm32cube.common.mx_6.11.0.202403141607\\db\/mcu/
2024-12-21 16:01:19,713 [INFO] ApiDb:274 - Set plugin database path to: C:\ST\STM32CubeIDE_1.15.0\STM32CubeIDE\plugins\com.st.stm32cube.common.mx_6.11.0.202403141607\\db\/plugins/boardmanager/
2024-12-21 16:01:19,713 [INFO] ApiDb:261 - Set plugin images path to: C:\ST\STM32CubeIDE_1.15.0\STM32CubeIDE\plugins\com.st.stm32cube.common.mx_6.11.0.202403141607\\db\/plugins/mcufinder/images/
2024-12-21 16:01:19,714 [WARN] DbFile:41 - Overriding database path with different value: C:\Users\stava\.stmcufinder\plugins\mcufinder/ => C:\Users\stava\.stmcufinder\plugins\mcufinder
2024-12-21 16:01:19,714 [INFO] ApiDb:250 - Set database path to: C:\Users\stava\.stmcufinder\plugins\mcufinder//mcu/
2024-12-21 16:01:19,714 [WARN] DbFile:41 - Overriding database path with different value: C:\Users\stava\.stmcufinder\plugins\mcufinder/ => C:\Users\stava\.stmcufinder\plugins\mcufinder
2024-12-21 16:01:19,714 [INFO] DbMcusAds:125 - Set database path to: C:\Users\stava\.stmcufinder\plugins\mcufinder//mcu/
2024-12-21 16:01:19,714 [WARN] DbFile:41 - Overriding database path with different value: C:\Users\stava\.stmcufinder\plugins\mcufinder/ => C:\Users\stava\.stmcufinder\plugins\mcufinder
2024-12-21 16:01:19,715 [WARN] DbFile:41 - Overriding database path with different value: C:\Users\stava\.stmcufinder\plugins\mcufinder/ => C:\Users\stava\.stmcufinder\plugins\mcufinder
2024-12-21 16:01:19,715 [INFO] CrossReferenceDbSqlite:203 - Set database path to: C:\Users\stava\.stmcufinder\plugins\mcufinder//mcu/cs/
2024-12-21 16:01:19,760 [INFO] ApplicationProperties:184 - Using Application install path: C:\ST\STM32CubeIDE_1.15.0\STM32CubeIDE\plugins\com.st.stm32cube.common.mx_6.11.0.202403141607
2024-12-21 16:01:19,766 [INFO] PluginManage:196 - Search for loadable plugins [exclusion list=, ]
2024-12-21 16:01:19,769 [INFO] PluginManage:310 - Check plugin analytics
2024-12-21 16:01:20,165 [INFO] AnalyticsPlugin:253 - Accepted Software Licenses: 
2024-12-21 16:01:20,166 [INFO] AnalyticsPlugin:255 - Accepted CMSIS Pack Licenses: 
2024-12-21 16:01:20,166 [INFO] AnalyticsPlugin:257 - Accepted Firmware Licenses: FW.G4.1.5.0
2024-12-21 16:01:20,175 [INFO] PluginManage:359 - Loaded plugin analytics (category:tool,tabindex:-1)
2024-12-21 16:01:20,176 [INFO] PluginManage:310 - Check plugin cadmodel
2024-12-21 16:01:20,217 [INFO] CADModel:105 - Init CAD model plugin
2024-12-21 16:01:20,218 [INFO] PluginManage:359 - Loaded plugin cadmodel (category:power,tabindex:5)
2024-12-21 16:01:20,218 [INFO] PluginManage:310 - Check plugin clock
2024-12-21 16:01:20,296 [INFO] PluginManage:359 - Loaded plugin clock (category:base,tabindex:2)
2024-12-21 16:01:20,297 [INFO] PluginManage:310 - Check plugin ddr
2024-12-21 16:01:20,300 [INFO] PluginManage:359 - Loaded plugin ddr (category:tool,tabindex:6)
2024-12-21 16:01:20,301 [INFO] PluginManage:310 - Check plugin filemanager
2024-12-21 16:01:20,648 [INFO] PluginManage:359 - Loaded plugin filemanager (category:base,tabindex:10)
2024-12-21 16:01:20,649 [INFO] PluginManage:310 - Check plugin ipmanager
2024-12-21 16:01:20,670 [INFO] PluginManage:359 - Loaded plugin ipmanager (category:base,tabindex:5)
2024-12-21 16:01:20,671 [INFO] PluginManage:310 - Check plugin lpbam
2024-12-21 16:01:20,713 [INFO] PluginManage:359 - Loaded plugin lpbam (category:base,tabindex:0)
2024-12-21 16:01:20,713 [INFO] PluginManage:310 - Check plugin memorymap
2024-12-21 16:01:20,777 [INFO] PluginManage:359 - Loaded plugin memorymap (category:base,tabindex:4)
2024-12-21 16:01:20,778 [INFO] PluginManage:310 - Check plugin pinoutandconfiguration
2024-12-21 16:01:20,828 [INFO] PluginManage:359 - Loaded plugin pinoutandconfiguration (category:base,tabindex:1)
2024-12-21 16:01:20,829 [INFO] PluginManage:310 - Check plugin pinoutconfig
2024-12-21 16:01:21,072 [WARN] SupportedApi:132 - Cannot load RTOS API schema: s4s-elt-must-match.1: The content of 'definitions' must match (annotation?, (simpleType | complexType)?, (unique | key | keyref)*)). A problem was found starting at: attribute.
2024-12-21 16:01:21,409 [INFO] PluginManage:359 - Loaded plugin pinoutconfig (category:base,tabindex:0)
2024-12-21 16:01:21,410 [INFO] PluginManage:310 - Check plugin power
2024-12-21 16:01:21,462 [INFO] PluginManage:359 - Loaded plugin power (category:power,tabindex:4)
2024-12-21 16:01:21,463 [INFO] PluginManage:310 - Check plugin projectmanager
2024-12-21 16:01:21,514 [INFO] PluginManage:359 - Loaded plugin projectmanager (category:projectmanager,tabindex:3)
2024-12-21 16:01:21,515 [INFO] PluginManage:310 - Check plugin thirdparty
2024-12-21 16:01:22,175 [INFO] PluginManage:359 - Loaded plugin thirdparty (category:base,tabindex:-1)
2024-12-21 16:01:22,175 [WARN] IntegrityCheckThread:84 - waiting for thirdparty lock release [integrity check]
2024-12-21 16:01:22,175 [INFO] PluginManage:310 - Check plugin tools
2024-12-21 16:01:22,176 [INFO] IntegrityCheckThread:86 - entering critical section [integrity check]
2024-12-21 16:01:22,177 [INFO] ThirdPartyUpdaterWithRetryManager:70 - Updater plugin not ready yet. [1/15]
2024-12-21 16:01:22,262 [INFO] PluginManage:359 - Loaded plugin tools (category:base,tabindex:7)
2024-12-21 16:01:22,262 [INFO] PluginManage:310 - Check plugin tutovideos
2024-12-21 16:01:22,722 [INFO] PluginManage:359 - Loaded plugin tutovideos (category:base,tabindex:-1)
2024-12-21 16:01:22,722 [INFO] PluginManage:310 - Check plugin updater
2024-12-21 16:01:22,749 [INFO] PluginManage:359 - Loaded plugin updater (category:base,tabindex:12)
2024-12-21 16:01:22,749 [INFO] PluginManage:310 - Check plugin userauth
2024-12-21 16:01:22,763 [INFO] UserAuth:114 - Init User Auth plugin
2024-12-21 16:01:22,763 [INFO] PluginManage:359 - Loaded plugin userauth (category:base,tabindex:14)
2024-12-21 16:01:22,764 [INFO] PluginManage:283 - PluginManage : Loaded plugins [17]
2024-12-21 16:01:23,289 [INFO] PinOutPanel:1561 - setPackage(No Configuration,No Configuration)
2024-12-21 16:01:23,460 [INFO] CADModel:165 - CPN selected for project level
2024-12-21 16:01:23,461 [INFO] CADModel:114 - Register for checkConnection events
2024-12-21 16:01:23,518 [INFO] IPUIPlugin:80 - create IPUIPlugin
2024-12-21 16:01:23,519 [INFO] PluginManager:220 - loadIPPluginJar : add adc
2024-12-21 16:01:23,614 [INFO] IPUIPlugin:80 - create IPUIPlugin
2024-12-21 16:01:23,614 [INFO] PluginManager:220 - loadIPPluginJar : add aes
2024-12-21 16:01:23,725 [INFO] IPUIPlugin:80 - create IPUIPlugin
2024-12-21 16:01:23,726 [INFO] PluginManager:220 - loadIPPluginJar : add can
2024-12-21 16:01:23,791 [INFO] IPUIPlugin:80 - create IPUIPlugin
2024-12-21 16:01:23,792 [INFO] PluginManager:220 - loadIPPluginJar : add comp
2024-12-21 16:01:23,872 [INFO] IPUIPlugin:80 - create IPUIPlugin
2024-12-21 16:01:23,872 [INFO] PluginManager:220 - loadIPPluginJar : add cryp
2024-12-21 16:01:23,943 [INFO] IPUIPlugin:80 - create IPUIPlugin
2024-12-21 16:01:23,943 [INFO] PluginManager:220 - loadIPPluginJar : add dfsdm
2024-12-21 16:01:23,975 [INFO] IPUIPlugin:80 - create IPUIPlugin
2024-12-21 16:01:23,975 [INFO] PluginManager:220 - loadIPPluginJar : add dma
2024-12-21 16:01:24,087 [INFO] IPUIPlugin:80 - create IPUIPlugin
2024-12-21 16:01:24,088 [INFO] PluginManager:220 - loadIPPluginJar : add dma3
2024-12-21 16:01:24,194 [INFO] IPUIPlugin:80 - create IPUIPlugin
2024-12-21 16:01:24,195 [INFO] PluginManager:220 - loadIPPluginJar : add extmemmanager
2024-12-21 16:01:24,249 [INFO] IPUIPlugin:80 - create IPUIPlugin
2024-12-21 16:01:24,249 [INFO] PluginManager:220 - loadIPPluginJar : add fatfs
2024-12-21 16:01:24,367 [INFO] IPUIPlugin:80 - create IPUIPlugin
2024-12-21 16:01:24,368 [INFO] PluginManager:220 - loadIPPluginJar : add fmc
2024-12-21 16:01:24,422 [INFO] IPUIPlugin:80 - create IPUIPlugin
2024-12-21 16:01:24,422 [INFO] PluginManager:220 - loadIPPluginJar : add freertos
2024-12-21 16:01:24,476 [INFO] IPUIPlugin:80 - create IPUIPlugin
2024-12-21 16:01:24,476 [INFO] PluginManager:220 - loadIPPluginJar : add genericplugin
2024-12-21 16:01:24,722 [INFO] IPUIPlugin:80 - create IPUIPlugin
2024-12-21 16:01:24,722 [INFO] PluginManager:220 - loadIPPluginJar : add gfxmmu
2024-12-21 16:01:25,081 [INFO] IPUIPlugin:80 - create IPUIPlugin
2024-12-21 16:01:25,081 [INFO] PluginManager:220 - loadIPPluginJar : add gic
2024-12-21 16:01:25,134 [INFO] IPUIPlugin:80 - create IPUIPlugin
2024-12-21 16:01:25,134 [INFO] PluginManager:220 - loadIPPluginJar : add gpio
2024-12-21 16:01:25,178 [INFO] ThirdPartyUpdaterWithRetryManager:70 - Updater plugin not ready yet. [2/15]
2024-12-21 16:01:25,373 [INFO] IPUIPlugin:80 - create IPUIPlugin
2024-12-21 16:01:25,373 [INFO] PluginManager:220 - loadIPPluginJar : add gtzc
2024-12-21 16:01:25,459 [INFO] IPUIPlugin:80 - create IPUIPlugin
2024-12-21 16:01:25,460 [INFO] PluginManager:220 - loadIPPluginJar : add hash
2024-12-21 16:01:25,589 [INFO] IPUIPlugin:80 - create IPUIPlugin
2024-12-21 16:01:25,590 [INFO] PluginManager:220 - loadIPPluginJar : add i2c
2024-12-21 16:01:25,717 [INFO] IPUIPlugin:80 - create IPUIPlugin
2024-12-21 16:01:25,718 [INFO] PluginManager:220 - loadIPPluginJar : add i2s
2024-12-21 16:01:25,838 [INFO] IPUIPlugin:80 - create IPUIPlugin
2024-12-21 16:01:25,839 [INFO] PluginManager:220 - loadIPPluginJar : add i3c
2024-12-21 16:01:26,108 [INFO] IPUIPlugin:80 - create IPUIPlugin
2024-12-21 16:01:26,109 [INFO] PluginManager:220 - loadIPPluginJar : add ipddr
2024-12-21 16:01:26,370 [INFO] IPUIPlugin:80 - create IPUIPlugin
2024-12-21 16:01:26,372 [INFO] PluginManager:220 - loadIPPluginJar : add linkedlist
2024-12-21 16:01:26,456 [INFO] IPUIPlugin:80 - create IPUIPlugin
2024-12-21 16:01:26,456 [INFO] PluginManager:220 - loadIPPluginJar : add lorawan
2024-12-21 16:01:26,547 [INFO] IPUIPlugin:80 - create IPUIPlugin
2024-12-21 16:01:26,549 [INFO] PluginManager:220 - loadIPPluginJar : add ltdc
2024-12-21 16:01:26,586 [INFO] IPUIPlugin:80 - create IPUIPlugin
2024-12-21 16:01:26,586 [INFO] PluginManager:220 - loadIPPluginJar : add mdma
2024-12-21 16:01:26,623 [INFO] IPUIPlugin:80 - create IPUIPlugin
2024-12-21 16:01:26,623 [INFO] PluginManager:220 - loadIPPluginJar : add nvic
2024-12-21 16:01:26,730 [INFO] IPUIPlugin:80 - create IPUIPlugin
2024-12-21 16:01:26,730 [INFO] PluginManager:220 - loadIPPluginJar : add opamp
2024-12-21 16:01:26,900 [INFO] IPUIPlugin:80 - create IPUIPlugin
2024-12-21 16:01:26,901 [INFO] PluginManager:220 - loadIPPluginJar : add openamp
2024-12-21 16:01:27,046 [INFO] IPUIPlugin:80 - create IPUIPlugin
2024-12-21 16:01:27,046 [INFO] PluginManager:220 - loadIPPluginJar : add pdm2pcm
2024-12-21 16:01:27,083 [INFO] IPUIPlugin:80 - create IPUIPlugin
2024-12-21 16:01:27,088 [INFO] PluginManager:220 - loadIPPluginJar : add plateformsettings
2024-12-21 16:01:27,141 [INFO] IPUIPlugin:80 - create IPUIPlugin
2024-12-21 16:01:27,142 [INFO] PluginManager:220 - loadIPPluginJar : add quadspi
2024-12-21 16:01:27,172 [INFO] IPUIPlugin:80 - create IPUIPlugin
2024-12-21 16:01:27,172 [INFO] PluginManager:220 - loadIPPluginJar : add resmgrutility
2024-12-21 16:01:27,283 [INFO] IPUIPlugin:80 - create IPUIPlugin
2024-12-21 16:01:27,283 [INFO] PluginManager:220 - loadIPPluginJar : add sai
2024-12-21 16:01:27,383 [INFO] IPUIPlugin:80 - create IPUIPlugin
2024-12-21 16:01:27,383 [INFO] PluginManager:220 - loadIPPluginJar : add spi
2024-12-21 16:01:27,573 [INFO] IPUIPlugin:80 - create IPUIPlugin
2024-12-21 16:01:27,573 [INFO] PluginManager:220 - loadIPPluginJar : add stm32_wpan
2024-12-21 16:01:27,656 [INFO] IPUIPlugin:80 - create IPUIPlugin
2024-12-21 16:01:27,656 [INFO] PluginManager:220 - loadIPPluginJar : add tim
2024-12-21 16:01:27,799 [INFO] IPUIPlugin:80 - create IPUIPlugin
2024-12-21 16:01:27,800 [INFO] PluginManager:220 - loadIPPluginJar : add touchsensing
2024-12-21 16:01:27,886 [INFO] IPUIPlugin:80 - create IPUIPlugin
2024-12-21 16:01:27,886 [INFO] PluginManager:220 - loadIPPluginJar : add tracer_emb
2024-12-21 16:01:27,944 [INFO] IPUIPlugin:80 - create IPUIPlugin
2024-12-21 16:01:27,944 [INFO] PluginManager:220 - loadIPPluginJar : add ts
2024-12-21 16:01:28,000 [INFO] IPUIPlugin:80 - create IPUIPlugin
2024-12-21 16:01:28,000 [INFO] PluginManager:220 - loadIPPluginJar : add tsc
2024-12-21 16:01:28,055 [INFO] IPUIPlugin:80 - create IPUIPlugin
2024-12-21 16:01:28,056 [INFO] PluginManager:220 - loadIPPluginJar : add ucpd
2024-12-21 16:01:28,164 [INFO] IPUIPlugin:80 - create IPUIPlugin
2024-12-21 16:01:28,164 [INFO] PluginManager:220 - loadIPPluginJar : add usart
2024-12-21 16:01:28,180 [INFO] ThirdPartyUpdaterWithRetryManager:70 - Updater plugin not ready yet. [3/15]
2024-12-21 16:01:28,284 [INFO] IPUIPlugin:80 - create IPUIPlugin
2024-12-21 16:01:28,284 [INFO] PluginManager:220 - loadIPPluginJar : add usbx
2024-12-21 16:01:28,492 [INFO] CADModel:165 - CPN selected for project level
2024-12-21 16:01:28,492 [INFO] CADModel:114 - Register for checkConnection events
2024-12-21 16:01:28,492 [FATAL] Updater:308 - Updater called before beeing initialized
2024-12-21 16:01:28,492 [ERROR] CADModel:125 - Updater not yet initialized, retry later 
2024-12-21 16:01:28,934 [INFO] CADModel:165 - CPN selected for project level
2024-12-21 16:01:28,934 [INFO] CADModel:114 - Register for checkConnection events
2024-12-21 16:01:28,934 [FATAL] Updater:308 - Updater called before beeing initialized
2024-12-21 16:01:28,934 [ERROR] CADModel:125 - Updater not yet initialized, retry later 
2024-12-21 16:01:28,945 [FATAL] Updater:308 - Updater called before beeing initialized
2024-12-21 16:01:29,216 [FATAL] Updater:308 - Updater called before beeing initialized
2024-12-21 16:01:29,242 [INFO] DbMcusAds:53 - JSON generation date=Tue Dec 17 21:31:15 IST 2024 (1734451275196)
2024-12-21 16:01:29,242 [FATAL] Updater:308 - Updater called before beeing initialized
2024-12-21 16:01:29,326 [WARN] DetailPanel:346 - Failed to get advertising image, set to default
2024-12-21 16:01:29,590 [FATAL] Updater:308 - Updater called before beeing initialized
2024-12-21 16:01:29,596 [FATAL] Updater:308 - Updater called before beeing initialized
2024-12-21 16:01:29,596 [FATAL] Updater:308 - Updater called before beeing initialized
2024-12-21 16:01:29,596 [WARN] DetailPanel:346 - Failed to get advertising image, set to default
2024-12-21 16:01:29,600 [FATAL] Updater:308 - Updater called before beeing initialized
2024-12-21 16:01:29,846 [ERROR] Updater:1120 - MainUpdater not yet initialized. External WinMGr cannot be set.
2024-12-21 16:01:29,869 [INFO] Updater:1056 - Updater Version found : 6.11.0
2024-12-21 16:01:29,906 [INFO] ApplicationProperties:184 - Using Application install path: C:\ST\STM32CubeIDE_1.15.0\STM32CubeIDE\plugins\com.st.stm32cube.common.mx_6.11.0.202403141607
2024-12-21 16:01:31,181 [INFO] ThirdPartyUpdaterWithRetryManager:70 - Updater plugin not ready yet. [4/15]
2024-12-21 16:01:31,535 [ERROR] LogOutputStream:75 - [STDERR_REDIRECT] Dec 21, 2024 4:01:31 PM java.util.prefs.WindowsPreferences <init>
2024-12-21 16:01:31,540 [ERROR] LogOutputStream:75 - [STDERR_REDIRECT] WARNING: Could not open/create prefs root node Software\JavaSoft\Prefs at root 0xffffffff80000002. Windows RegCreateKeyEx(...) returned error code 5.
2024-12-21 16:01:31,540 [ERROR] LogOutputStream:75 - [STDERR_REDIRECT] 
2024-12-21 16:01:32,204 [INFO] MainUpdater:2873 - connection check result : 10
2024-12-21 16:01:32,205 [INFO] MainUpdater:290 - Updater Check For Update Now.
2024-12-21 16:01:32,205 [INFO] MicroXplorer:498 - Change Database Version : DB.6.0.110
2024-12-21 16:01:32,260 [INFO] McuFinderGlobals:63 - Set McuFinder mode to 2 (CubeIDE integrated)
2024-12-21 16:01:32,296 [INFO] UserAuth:415 - Internet connection configuration mode: 1
2024-12-21 16:01:32,378 [INFO] JxBrowserEngine:152 - Initiate JxBrowser Engine with user profile folder
2024-12-21 16:01:32,685 [INFO] CheckServerUpdateThread:120 - End of CheckServer Thread
2024-12-21 16:01:34,686 [WARN] PackLoader:240 - Cannot read IP mode file for STMicroelectronics.FP-SNS-MOTENVWB1.1.4.0
2024-12-21 16:01:34,724 [WARN] PackLoader:240 - Cannot read IP mode file for STMicroelectronics.FP-ATR-ASTRA1.2.0.1
2024-12-21 16:01:34,760 [WARN] PackLoader:240 - Cannot read IP mode file for STMicroelectronics.X-CUBE-SMBUS.2.1.0
2024-12-21 16:01:34,796 [WARN] PackLoader:240 - Cannot read IP mode file for STMicroelectronics.X-CUBE-WB05N.1.1.0
2024-12-21 16:01:34,828 [WARN] PackLoader:240 - Cannot read IP mode file for STMicroelectronics.X-CUBE-TOUCHGFX.4.23.2
2024-12-21 16:01:34,922 [WARN] PackLoader:240 - Cannot read IP mode file for STMicroelectronics.X-CUBE-AZRTOS-F7.1.1.0
2024-12-21 16:01:34,962 [WARN] PackLoader:240 - Cannot read IP mode file for STMicroelectronics.FP-SNS-FLIGHT1.5.0.2
2024-12-21 16:01:34,999 [WARN] PackLoader:240 - Cannot read IP mode file for STMicroelectronics.X-CUBE-DISPLAY.3.0.0
2024-12-21 16:01:35,049 [WARN] PackLoader:240 - Cannot read IP mode file for STMicroelectronics.X-CUBE-BLE1.7.0.0
2024-12-21 16:01:35,092 [WARN] PackLoader:240 - Cannot read IP mode file for STMicroelectronics.X-CUBE-NFC10.1.0.0
2024-12-21 16:01:35,134 [WARN] PackLoader:240 - Cannot read IP mode file for STMicroelectronics.X-CUBE-BLEMGR.4.0.0
2024-12-21 16:01:35,177 [WARN] PackLoader:240 - Cannot read IP mode file for emotas.I-CUBE-CANOPEN.1.3.0
2024-12-21 16:01:35,212 [WARN] PackLoader:240 - Cannot read IP mode file for STMicroelectronics.X-CUBE-BLEMGR.3.1.0
2024-12-21 16:01:35,249 [WARN] PackLoader:240 - Cannot read IP mode file for STMicroelectronics.FP-SNS-SMARTAG2.1.2.0
2024-12-21 16:01:35,412 [WARN] PackLoader:240 - Cannot read IP mode file for STMicroelectronics.X-CUBE-MEMS1.11.1.0
2024-12-21 16:01:35,733 [INFO] LogOutputStream:77 - [STDOUT_REDIRECT] 1 : Invalid condition id : UX_CORESTACK_Condition cause : null
2024-12-21 16:01:35,734 [INFO] LogOutputStream:77 - [STDOUT_REDIRECT] 1 : Invalid condition id : UX_CORESTACK_Condition cause : null
2024-12-21 16:01:35,737 [INFO] LogOutputStream:77 - [STDOUT_REDIRECT] 1 : Invalid condition id : UX_CORESTACK_Condition cause : null
2024-12-21 16:01:35,740 [INFO] LogOutputStream:77 - [STDOUT_REDIRECT] 1 : Invalid condition id : UX_CORESTACK_Condition cause : null
2024-12-21 16:01:35,741 [INFO] LogOutputStream:77 - [STDOUT_REDIRECT] 1 : Invalid condition id : UX_CORESTACK_Condition cause : null
2024-12-21 16:01:35,752 [WARN] PackLoader:240 - Cannot read IP mode file for STMicroelectronics.X-CUBE-AZRTOS-WL.2.0.0
2024-12-21 16:01:35,804 [WARN] PackLoader:240 - Cannot read IP mode file for STMicroelectronics.FP-SNS-MOTENV1.5.0.0
2024-12-21 16:01:35,840 [WARN] PackLoader:240 - Cannot read IP mode file for wolfSSL.I-CUBE-wolfMQTT.1.19.0
2024-12-21 16:01:35,917 [WARN] PackLoader:240 - Cannot read IP mode file for WES.I-CUBE-Cesium.1.3.0
2024-12-21 16:01:35,953 [WARN] PackLoader:240 - Cannot read IP mode file for STMicroelectronics.X-CUBE-BLE2.3.3.0
2024-12-21 16:01:35,987 [WARN] PackLoader:240 - Cannot read IP mode file for STMicroelectronics.X-CUBE-NFC9.1.0.0
2024-12-21 16:01:36,016 [WARN] PackLoader:240 - Cannot read IP mode file for STMicroelectronics.X-CUBE-ALGOBUILD.1.3.0
2024-12-21 16:01:36,070 [WARN] PackLoader:240 - Cannot read IP mode file for STMicroelectronics.X-CUBE-AZRTOS-G0.1.1.0
2024-12-21 16:01:36,103 [WARN] PackLoader:240 - Cannot read IP mode file for STMicroelectronics.X-CUBE-SAFEA1.1.2.2
2024-12-21 16:01:36,133 [WARN] PackLoader:240 - Cannot read IP mode file for STMicroelectronics.X-CUBE-NFC4.3.0.0
2024-12-21 16:01:36,174 [WARN] PackLoader:240 - Cannot read IP mode file for EmbeddedOffice.I-CUBE-FS-RTOS.1.0.1
2024-12-21 16:01:36,175 [ERROR] ConditionMgr:805 - Attr not supported : Dmpu
2024-12-21 16:01:36,175 [ERROR] ConditionMgr:805 - Attr not supported : Dmpu
2024-12-21 16:01:36,175 [ERROR] ConditionMgr:805 - Attr not supported : Dmpu
2024-12-21 16:01:36,175 [ERROR] ConditionMgr:805 - Attr not supported : Dmpu
2024-12-21 16:01:36,176 [ERROR] ConditionMgr:805 - Attr not supported : Dmpu
2024-12-21 16:01:36,176 [ERROR] ConditionMgr:805 - Attr not supported : Dmpu
2024-12-21 16:01:36,176 [ERROR] ConditionMgr:805 - Attr not supported : Dmpu
2024-12-21 16:01:36,176 [ERROR] ConditionMgr:805 - Attr not supported : Dmpu
2024-12-21 16:01:36,176 [ERROR] ConditionMgr:805 - Attr not supported : Dmpu
2024-12-21 16:01:36,176 [ERROR] ConditionMgr:805 - Attr not supported : Dmpu
2024-12-21 16:01:36,176 [ERROR] ConditionMgr:805 - Attr not supported : Dmpu
2024-12-21 16:01:36,176 [ERROR] ConditionMgr:805 - Attr not supported : Dmpu
2024-12-21 16:01:36,177 [ERROR] ConditionMgr:805 - Attr not supported : Dmpu
2024-12-21 16:01:36,177 [ERROR] ConditionMgr:805 - Attr not supported : Dmpu
2024-12-21 16:01:36,177 [ERROR] ConditionMgr:805 - Attr not supported : Dmpu
2024-12-21 16:01:36,177 [ERROR] ConditionMgr:805 - Attr not supported : Dmpu
2024-12-21 16:01:36,177 [ERROR] ConditionMgr:805 - Attr not supported : Dmpu
2024-12-21 16:01:36,177 [ERROR] ConditionMgr:805 - Attr not supported : Dmpu
2024-12-21 16:01:36,177 [ERROR] ConditionMgr:805 - Attr not supported : Dmpu
2024-12-21 16:01:36,178 [ERROR] ConditionMgr:805 - Attr not supported : Dmpu
2024-12-21 16:01:36,178 [ERROR] ConditionMgr:805 - Attr not supported : Dmpu
2024-12-21 16:01:36,178 [ERROR] ConditionMgr:805 - Attr not supported : Dmpu
2024-12-21 16:01:36,178 [ERROR] ConditionMgr:805 - Attr not supported : Dmpu
2024-12-21 16:01:36,178 [ERROR] ConditionMgr:805 - Attr not supported : Dmpu
2024-12-21 16:01:36,178 [ERROR] ConditionMgr:805 - Attr not supported : Dmpu
2024-12-21 16:01:36,178 [ERROR] ConditionMgr:805 - Attr not supported : Dmpu
2024-12-21 16:01:36,178 [ERROR] ConditionMgr:805 - Attr not supported : Dmpu
2024-12-21 16:01:36,178 [ERROR] ConditionMgr:805 - Attr not supported : Dmpu
2024-12-21 16:01:36,179 [ERROR] ConditionMgr:805 - Attr not supported : Dmpu
2024-12-21 16:01:36,179 [ERROR] ConditionMgr:805 - Attr not supported : Dmpu
2024-12-21 16:01:36,179 [ERROR] ConditionMgr:805 - Attr not supported : Dmpu
2024-12-21 16:01:36,179 [ERROR] ConditionMgr:805 - Attr not supported : Dmpu
2024-12-21 16:01:36,179 [ERROR] ConditionMgr:805 - Attr not supported : Dmpu
2024-12-21 16:01:36,179 [ERROR] ConditionMgr:805 - Attr not supported : Dmpu
2024-12-21 16:01:36,179 [ERROR] ConditionMgr:805 - Attr not supported : Dmpu
2024-12-21 16:01:36,180 [ERROR] ConditionMgr:805 - Attr not supported : Dmpu
2024-12-21 16:01:36,180 [ERROR] ConditionMgr:805 - Attr not supported : Dmpu
2024-12-21 16:01:36,180 [ERROR] ConditionMgr:805 - Attr not supported : Dmpu
2024-12-21 16:01:36,180 [ERROR] ConditionMgr:805 - Attr not supported : Dmpu
2024-12-21 16:01:36,180 [ERROR] ConditionMgr:805 - Attr not supported : Dmpu
2024-12-21 16:01:36,180 [ERROR] ConditionMgr:805 - Attr not supported : Dmpu
2024-12-21 16:01:36,181 [ERROR] ConditionMgr:805 - Attr not supported : Dmpu
2024-12-21 16:01:36,181 [ERROR] ConditionMgr:805 - Attr not supported : Dmpu
2024-12-21 16:01:36,181 [ERROR] ConditionMgr:805 - Attr not supported : Dmpu
2024-12-21 16:01:36,182 [ERROR] ConditionMgr:805 - Attr not supported : Dmpu
2024-12-21 16:01:36,182 [ERROR] ConditionMgr:805 - Attr not supported : Dmpu
2024-12-21 16:01:36,182 [ERROR] ConditionMgr:805 - Attr not supported : Dmpu
2024-12-21 16:01:36,182 [ERROR] ConditionMgr:805 - Attr not supported : Dmpu
2024-12-21 16:01:36,182 [ERROR] ConditionMgr:805 - Attr not supported : Dmpu
2024-12-21 16:01:36,183 [ERROR] ConditionMgr:805 - Attr not supported : Dmpu
2024-12-21 16:01:36,183 [ERROR] ConditionMgr:805 - Attr not supported : Dmpu
2024-12-21 16:01:36,183 [ERROR] ConditionMgr:805 - Attr not supported : Dmpu
2024-12-21 16:01:36,183 [ERROR] ConditionMgr:805 - Attr not supported : Dmpu
2024-12-21 16:01:36,184 [ERROR] ConditionMgr:805 - Attr not supported : Dmpu
2024-12-21 16:01:36,184 [ERROR] ConditionMgr:805 - Attr not supported : Dmpu
2024-12-21 16:01:36,184 [ERROR] ConditionMgr:805 - Attr not supported : Dmpu
2024-12-21 16:01:36,184 [ERROR] ConditionMgr:805 - Attr not supported : Dmpu
2024-12-21 16:01:36,184 [ERROR] ConditionMgr:805 - Attr not supported : Dmpu
2024-12-21 16:01:36,184 [ERROR] ConditionMgr:805 - Attr not supported : Dmpu
2024-12-21 16:01:36,185 [ERROR] ConditionMgr:805 - Attr not supported : Dmpu
2024-12-21 16:01:36,185 [ERROR] ConditionMgr:805 - Attr not supported : Dmpu
2024-12-21 16:01:36,185 [ERROR] ConditionMgr:805 - Attr not supported : Dmpu
2024-12-21 16:01:36,185 [ERROR] ConditionMgr:805 - Attr not supported : Dmpu
2024-12-21 16:01:36,185 [ERROR] ConditionMgr:805 - Attr not supported : Dmpu
2024-12-21 16:01:36,212 [ERROR] Engine:466 - C:\Users\stava\.stm32cubemx\thirdparties\pdsc\STMicroelectronics.X-CUBE-TCPP.4.2.0.pdsc: PDSC version is not supported
2024-12-21 16:01:36,245 [WARN] PackLoader:240 - Cannot read IP mode file for RealThread.X-CUBE-RT-Thread_Nano.4.1.1
2024-12-21 16:01:36,270 [WARN] PackLoader:240 - Cannot read IP mode file for wolfSSL.I-CUBE-wolfSSL.5.7.0
2024-12-21 16:01:36,294 [WARN] PackLoader:240 - Cannot read IP mode file for STMicroelectronics.FP-ATR-SIGFOX1.3.2.0
2024-12-21 16:01:36,320 [WARN] ConditionMgr:438 - getConditionDescription Invalid condition id : Cortex-A Device cause : null
2024-12-21 16:01:36,370 [WARN] ConditionMgr:1039 - genDependencies : Invalid condition id : Cortex-A Device cause : null
2024-12-21 16:01:36,370 [WARN] ConditionMgr:1039 - genDependencies : Invalid condition id : Cortex-A Device cause : null
2024-12-21 16:01:36,370 [WARN] ConditionMgr:1039 - genDependencies : Invalid condition id : Cortex-A Device cause : null
2024-12-21 16:01:36,406 [WARN] PackLoader:240 - Cannot read IP mode file for STMicroelectronics.X-CUBE-EEPRMA1.5.1.0
2024-12-21 16:01:36,444 [WARN] PackLoader:240 - Cannot read IP mode file for ITTIA_DB.I-CUBE-ITTIADB.8.9.0
2024-12-21 16:01:36,514 [WARN] PackLoader:240 - Cannot read IP mode file for SEGGER.I-CUBE-embOS.1.3.1
2024-12-21 16:01:36,588 [WARN] PackLoader:240 - Cannot read IP mode file for STMicroelectronics.X-CUBE-ALGOBUILD.1.4.0
2024-12-21 16:01:36,616 [WARN] PackLoader:240 - Cannot read IP mode file for STMicroelectronics.X-CUBE-AI.9.1.0
2024-12-21 16:01:36,649 [WARN] PackLoader:240 - Cannot read IP mode file for STMicroelectronics.X-CUBE-GNSS1.6.0.0
2024-12-21 16:01:36,702 [WARN] PackLoader:240 - Cannot read IP mode file for STMicroelectronics.X-CUBE-AZRTOS-F4.1.1.0
2024-12-21 16:01:36,730 [WARN] PackLoader:240 - Cannot read IP mode file for STMicroelectronics.X-CUBE-ISPU.2.1.0
2024-12-21 16:01:36,802 [WARN] PackLoader:240 - Cannot read IP mode file for STMicroelectronics.X-CUBE-AZRTOS-L5.2.0.0
2024-12-21 16:01:36,859 [WARN] PackLoader:240 - Cannot read IP mode file for STMicroelectronics.X-CUBE-NFC6.3.1.0
2024-12-21 16:01:36,892 [WARN] PackLoader:240 - Cannot read IP mode file for STMicroelectronics.X-CUBE-DPower.1.2.0
2024-12-21 16:01:36,918 [WARN] PackLoader:240 - Cannot read IP mode file for STMicroelectronics.X-CUBE-FREERTOS.1.3.0
2024-12-21 16:01:36,945 [WARN] PackLoader:240 - Cannot read IP mode file for STMicroelectronics.X-CUBE-NFC7.1.0.1
2024-12-21 16:01:36,976 [WARN] PackLoader:240 - Cannot read IP mode file for STMicroelectronics.X-CUBE-AI.8.1.0
2024-12-21 16:01:37,036 [WARN] ConditionMgr:438 - getConditionDescription Invalid condition id : LAN8742 Phy interface Condition cause : null
2024-12-21 16:01:37,037 [WARN] PackLoader:240 - Cannot read IP mode file for STMicroelectronics.X-CUBE-AZRTOS-L4.2.0.0
2024-12-21 16:01:37,040 [WARN] ConditionMgr:1039 - genDependencies : Invalid condition id : LAN8742 Phy interface Condition cause : null
2024-12-21 16:01:37,040 [WARN] ConditionMgr:1039 - genDependencies : Invalid condition id : LAN8742 Phy interface Condition cause : null
2024-12-21 16:01:37,041 [WARN] ConditionMgr:1039 - genDependencies : Invalid condition id : LAN8742 Phy interface Condition cause : null
2024-12-21 16:01:37,084 [WARN] PackLoader:240 - Cannot read IP mode file for STMicroelectronics.X-CUBE-SFXS2LP1.4.0.0
2024-12-21 16:01:37,153 [WARN] PackLoader:240 - Cannot read IP mode file for STMicroelectronics.X-CUBE-AZRTOS-H7.3.3.0
2024-12-21 16:01:37,207 [WARN] PackLoader:240 - Cannot read IP mode file for STMicroelectronics.X-CUBE-IPS.3.0.0
2024-12-21 16:01:37,271 [WARN] ConditionMgr:438 - getConditionDescription Invalid condition id : UX DEVICE CLASS RTOS Condition cause : null
2024-12-21 16:01:37,272 [WARN] ConditionMgr:438 - getConditionDescription Invalid condition id : UX DEVICE CLASS RTOS Condition cause : null
2024-12-21 16:01:37,277 [WARN] PackLoader:240 - Cannot read IP mode file for STMicroelectronics.X-CUBE-AZRTOS-WB.2.0.0
2024-12-21 16:01:37,278 [WARN] ConditionMgr:1039 - genDependencies : Invalid condition id : UX DEVICE CLASS RTOS Condition cause : null
2024-12-21 16:01:37,279 [WARN] ConditionMgr:1039 - genDependencies : Invalid condition id : UX DEVICE CLASS RTOS Condition cause : null
2024-12-21 16:01:37,279 [WARN] ConditionMgr:1039 - genDependencies : Invalid condition id : UX DEVICE CLASS RTOS Condition cause : null
2024-12-21 16:01:37,280 [WARN] ConditionMgr:1039 - genDependencies : Invalid condition id : UX DEVICE CLASS RTOS Condition cause : null
2024-12-21 16:01:37,280 [WARN] ConditionMgr:1039 - genDependencies : Invalid condition id : UX DEVICE CLASS RTOS Condition cause : null
2024-12-21 16:01:37,317 [WARN] PackLoader:240 - Cannot read IP mode file for STMicroelectronics.X-CUBE-GNSS1.7.0.1
2024-12-21 16:01:37,353 [WARN] PackLoader:240 - Cannot read IP mode file for STMicroelectronics.FP-SNS-STBOX1.2.0.0
2024-12-21 16:01:37,402 [WARN] PackLoader:240 - Cannot read IP mode file for STMicroelectronics.X-CUBE-SUBG2.5.0.0
2024-12-21 16:01:37,437 [WARN] PackLoader:240 - Cannot read IP mode file for Cesanta.I-CUBE-Mongoose.7.13.0
2024-12-21 16:01:37,491 [WARN] PackLoader:240 - Cannot read IP mode file for STMicroelectronics.X-CUBE-AZRTOS-G4.2.0.0
2024-12-21 16:01:37,526 [WARN] PackLoader:240 - Cannot read IP mode file for STMicroelectronics.FP-SNS-MOTENVWB1.1.3.1
2024-12-21 16:01:37,560 [WARN] PackLoader:240 - Cannot read IP mode file for STMicroelectronics.X-CUBE-ISPU.2.0.0
2024-12-21 16:01:37,589 [WARN] PackLoader:240 - Cannot read IP mode file for STMicroelectronics.X-CUBE-ALS.1.0.2
2024-12-21 16:01:37,735 [WARN] PackLoader:240 - Cannot read IP mode file for STMicroelectronics.X-CUBE-MEMS1.10.0.0
2024-12-21 16:01:38,026 [WARN] PackLoader:240 - Cannot read IP mode file for STMicroelectronics.X-CUBE-FREERTOS.1.1.0
2024-12-21 16:01:38,060 [WARN] PackLoader:240 - Cannot read IP mode file for STMicroelectronics.X-CUBE-TOUCHGFX.4.24.1
2024-12-21 16:01:38,091 [WARN] PackLoader:240 - Cannot read IP mode file for wolfSSL.I-CUBE-wolfTPM.3.4.0
2024-12-21 16:01:38,116 [WARN] PackLoader:240 - Cannot read IP mode file for portGmbH.I-Cube-SoM-uGOAL.1.1.0
2024-12-21 16:01:38,138 [WARN] PackLoader:240 - Cannot read IP mode file for STMicroelectronics.X-CUBE-ALS.1.0.1
2024-12-21 16:01:38,199 [WARN] PackLoader:240 - Cannot read IP mode file for STMicroelectronics.X-CUBE-AZRTOS-H7RS.1.0.0
2024-12-21 16:01:38,229 [WARN] PackLoader:240 - Cannot read IP mode file for STMicroelectronics.FP-ATR-ASTRA1.2.0.0
2024-12-21 16:01:38,270 [WARN] PackLoader:240 - Cannot read IP mode file for STMicroelectronics.X-CUBE-TOF1.3.4.2
2024-12-21 16:01:38,310 [WARN] PackLoader:240 - Cannot read IP mode file for STMicroelectronics.X-CUBE-TOF1.3.4.1
2024-12-21 16:01:38,392 [WARN] PackLoader:240 - Cannot read IP mode file for STMicroelectronics.X-CUBE-AZRTOS-H7.3.2.0
2024-12-21 16:01:38,447 [WARN] PackLoader:240 - Cannot read IP mode file for Infineon.AIROC-Wi-Fi-Bluetooth-STM32.1.6.0
2024-12-21 16:01:38,474 [WARN] PackLoader:240 - Cannot read IP mode file for wolfSSL.I-CUBE-wolfSSH.1.4.17
2024-12-21 16:01:38,475 [INFO] ThirdParty:978 - Integrity check success = true
2024-12-21 16:01:38,475 [INFO] IntegrityCheckThread:100 - exiting critical section [integrity check]
2024-12-21 16:01:38,475 [INFO] IntegrityCheckThread:103 - End integrity checks thread
2024-12-21 16:01:52,509 [INFO] WebApp:161 - Instantiating new browser for Auth
2024-12-21 16:01:53,936 [INFO] WebApp:779 - Register for checkConnection events
2024-12-21 16:01:53,937 [INFO] WebApp:414 - Apply proxy settings
2024-12-21 16:01:53,937 [INFO] WebApp:499 - Chromium requires no authentication
2024-12-21 16:01:53,956 [INFO] WebApp:442 - Direct internet connection detected
2024-12-21 16:01:54,393 [INFO] WebApp:192 - Starting web application
2024-12-21 16:01:54,394 [INFO] WebApp:544 - Web application path used C:\ST\STM32CubeIDE_1.15.0\STM32CubeIDE\plugins\com.st.stm32cube.common.mx_6.11.0.202403141607\db\plugins\mcufinder\reactClient1\index.html
